[23:36:46] [main/WARN] (FabricLoader/Knot) Class path entries reference missing files: F:\testtttts\game\mod\build\classes\java\main - the game may not load properly!
[23:36:46] [main/INFO] (FabricLoader/GameProvider) Loading Minecraft 1.21.8 with Fabric Loader 0.16.14
[23:36:46] [main/INFO] (FabricLoader) Loading 49 mods:
	- fabric-api 0.129.0+1.21.8
	- fabric-api-base 0.4.64+9ec45cd8f3
	- fabric-api-lookup-api-v1 1.6.100+946bf4c3f3
	- fabric-biome-api-v1 16.0.11+946bf4c3f3
	- fabric-block-api-v1 1.1.3+946bf4c3f3
	- fabric-block-view-api-v2 1.0.31+946bf4c3f3
	- fabric-client-gametest-api-v1 4.2.5+8a98c3fcf3
	- fabric-command-api-v2 2.2.53+946bf4c3f3
	- fabric-content-registries-v0 10.0.18+946bf4c3f3
	- fabric-convention-tags-v1 2.1.40+7f945d5bf3
	- fabric-convention-tags-v2 2.15.5+eb5df52ff3
	- fabric-crash-report-info-v1 0.3.15+946bf4c3f3
	- fabric-data-attachment-api-v1 1.8.10+946bf4c3f3
	- fabric-data-generation-api-v1 23.2.4+55e55d29f3
	- fabric-dimensions-v1 4.0.19+946bf4c3f3
	- fabric-entity-events-v1 2.1.1+c9e47273f3
	- fabric-events-interaction-v0 4.0.23+946bf4c3f3
	- fabric-game-rule-api-v1 1.0.73+c64c9c5bf3
	- fabric-gametest-api-v1 3.1.9+39ce47f5f3
	- fabric-item-api-v1 11.4.3+946bf4c3f3
	- fabric-item-group-api-v1 4.2.13+946bf4c3f3
	- fabric-key-binding-api-v1 1.0.65+946bf4c3f3
	- fabric-lifecycle-events-v1 2.6.3+db4dfd85f3
	- fabric-loot-api-v2 3.0.55+3f89f5a5f3
	- fabric-loot-api-v3 2.0.2+946bf4c3f3
	- fabric-message-api-v1 6.1.1+946bf4c3f3
	- fabric-model-loading-api-v1 5.2.5+946bf4c3f3
	- fabric-networking-api-v1 5.0.1+946bf4c3f3
	- fabric-object-builder-api-v1 21.1.7+946bf4c3f3
	- fabric-particles-v1 4.1.7+946bf4c3f3
	- fabric-recipe-api-v1 8.1.14+946bf4c3f3
	- fabric-registry-sync-v0 6.1.27+946bf4c3f3
	- fabric-renderer-api-v1 7.0.2+946bf4c3f3
	- fabric-renderer-indigo 4.0.2+946bf4c3f3
	- fabric-rendering-fluids-v1 3.1.30+fa6cb72bf3
	- fabric-rendering-v1 12.4.0+e8d43c76f3
	- fabric-resource-conditions-api-v1 5.0.24+946bf4c3f3
	- fabric-resource-loader-v0 3.1.11+946bf4c3f3
	- fabric-screen-api-v1 2.1.0+277ecf7df3
	- fabric-screen-handler-api-v1 1.3.136+946bf4c3f3
	- fabric-sound-api-v1 1.0.42+946bf4c3f3
	- fabric-tag-api-v1 1.2.1+946bf4c3f3
	- fabric-transfer-api-v1 6.0.5+946bf4c3f3
	- fabric-transitive-access-wideners-v1 6.4.1+ac3e15d1f3
	- fabricloader 0.16.14
	- friendmesh 1.0.0
	- java 21
	- minecraft 1.21.8
	- mixinextras 0.4.1
[23:36:46] [main/INFO] (FabricLoader/Mixin) SpongePowered MIXIN Subsystem Version=0.8.7 Source=file:/C:/Users/sltt2/.gradle/caches/modules-2/files-2.1/net.fabricmc/sponge-mixin/0.15.5+mixin.0.8.7/22f9eb729e216a091673a574a5906dc1b9027fb3/sponge-mixin-0.15.5+mixin.0.8.7.jar Service=Knot/Fabric Env=CLIENT
[23:36:46] [main/INFO] (FabricLoader/Mixin) Loaded Fabric development mappings for mixin remapper!
[23:36:46] [main/INFO] (FabricLoader/Mixin) Compatibility level set to JAVA_21
[23:36:46] [main/WARN] (FabricLoader/Mixin) Reference map 'friendmesh.client.refmap.json' for friendmesh.client.mixins.json could not be read. If this is a development environment you can ignore this message
[23:36:47] [main/INFO] (FabricLoader/MixinExtras|Service) Initializing MixinExtras via com.llamalad7.mixinextras.service.MixinExtrasServiceImpl(version=0.4.1).
[23:36:48] [Datafixer Bootstrap/INFO] (Minecraft) 269 Datafixer optimizations took 465 milliseconds
[23:36:48] [main/WARN] (PerfmonDisabled) Invalid registry value type detected for PerfOS counters. Should be REG_DWORD. Ignoring: HKEY_LOCAL_MACHINE\SYSTEM\CurrentControlSet\Services\PerfOS\Performance\Disable Performance Counters.
[23:36:53] [Render thread/INFO] (Minecraft) Environment: Environment[sessionHost=https://sessionserver.mojang.com, servicesHost=https://api.minecraftservices.com, name=PROD]
[23:36:53] [Render thread/INFO] (Minecraft) Setting user: Player447
[23:36:54] [Render thread/INFO] (friendmesh) Friend Mesh initializing...
[23:36:54] [Render thread/INFO] (friendmesh) Loaded FriendMesh config from: C:\Users\sltt2\.friendmesh\friendmesh.json
[23:36:54] [Render thread/INFO] (friendmesh) Registering Friend Mesh commands...
[23:36:54] [Render thread/INFO] (friendmesh) Friend Mesh commands registered successfully!
[23:36:54] [Render thread/INFO] (friendmesh) Friend Mesh initialized successfully!
[23:36:54] [Render thread/INFO] (Indigo) [Indigo] Registering Indigo renderer!
[23:36:54] [Render thread/INFO] (Minecraft) Backend library: LWJGL version 3.3.3-snapshot
[23:36:54] [Render thread/WARN] (Minecraft) Detected unexpected shutdown during last game startup: resetting fullscreen mode
[23:36:54] [Render thread/INFO] (Minecraft) Using optional rendering extensions: GL_ARB_buffer_storage, GL_KHR_debug, GL_ARB_vertex_attrib_binding, GL_ARB_direct_state_access
[23:36:55] [Render thread/INFO] (Minecraft) Reloading ResourceManager: vanilla, fabric, fabric-api, fabric-api-base, fabric-api-lookup-api-v1, fabric-biome-api-v1, fabric-block-api-v1, fabric-block-view-api-v2, fabric-client-gametest-api-v1, fabric-command-api-v2, fabric-content-registries-v0, fabric-convention-tags-v1, fabric-convention-tags-v2, fabric-crash-report-info-v1, fabric-data-attachment-api-v1, fabric-data-generation-api-v1, fabric-dimensions-v1, fabric-entity-events-v1, fabric-events-interaction-v0, fabric-game-rule-api-v1, fabric-gametest-api-v1, fabric-item-api-v1, fabric-item-group-api-v1, fabric-key-binding-api-v1, fabric-lifecycle-events-v1, fabric-loot-api-v2, fabric-loot-api-v3, fabric-message-api-v1, fabric-model-loading-api-v1, fabric-networking-api-v1, fabric-object-builder-api-v1, fabric-particles-v1, fabric-recipe-api-v1, fabric-registry-sync-v0, fabric-renderer-api-v1, fabric-renderer-indigo, fabric-rendering-fluids-v1, fabric-rendering-v1, fabric-resource-conditions-api-v1, fabric-resource-loader-v0, fabric-screen-api-v1, fabric-screen-handler-api-v1, fabric-sound-api-v1, fabric-tag-api-v1, fabric-transfer-api-v1, fabric-transitive-access-wideners-v1, fabricloader, friendmesh
[23:36:55] [Worker-Main-10/INFO] (Minecraft) Found unifont_pua-16.0.03.hex, loading
[23:36:55] [Worker-Main-9/INFO] (Minecraft) Found unifont_all_no_pua-16.0.03.hex, loading
[23:36:55] [Worker-Main-6/INFO] (Minecraft) Found unifont_jp_patch-16.0.03.hex, loading
[23:36:56] [Render thread/INFO] (Minecraft) OpenAL initialized on device OpenAL Soft on Lautsprecher (Realtek(R) Audio)
[23:36:56] [Render thread/INFO] (Minecraft) Sound engine started
[23:36:56] [Render thread/INFO] (Minecraft) Created: 1024x512x4 minecraft:textures/atlas/blocks.png-atlas
[23:36:56] [Render thread/INFO] (Minecraft) Created: 256x256x4 minecraft:textures/atlas/signs.png-atlas
[23:36:56] [Render thread/INFO] (Minecraft) Created: 512x512x4 minecraft:textures/atlas/shield_patterns.png-atlas
[23:36:56] [Render thread/INFO] (Minecraft) Created: 512x512x4 minecraft:textures/atlas/banner_patterns.png-atlas
[23:36:56] [Render thread/INFO] (Minecraft) Created: 2048x1024x4 minecraft:textures/atlas/armor_trims.png-atlas
[23:36:56] [Render thread/INFO] (Minecraft) Created: 128x64x4 minecraft:textures/atlas/decorated_pot.png-atlas
[23:36:56] [Render thread/INFO] (Minecraft) Created: 256x256x4 minecraft:textures/atlas/chest.png-atlas
[23:36:56] [Render thread/INFO] (Minecraft) Created: 512x256x4 minecraft:textures/atlas/shulker_boxes.png-atlas
[23:36:56] [Render thread/INFO] (Minecraft) Created: 512x256x4 minecraft:textures/atlas/beds.png-atlas
[23:36:56] [Render thread/INFO] (Minecraft) Created: 64x64x0 minecraft:textures/atlas/map_decorations.png-atlas
[23:36:56] [Render thread/INFO] (Minecraft) Created: 512x256x0 minecraft:textures/atlas/particles.png-atlas
[23:36:56] [Render thread/INFO] (Minecraft) Created: 512x256x0 minecraft:textures/atlas/paintings.png-atlas
[23:36:56] [Render thread/INFO] (Minecraft) Created: 1024x512x0 minecraft:textures/atlas/gui.png-atlas
[23:37:18] [Render thread/INFO] (Minecraft) Loaded 1407 recipes
[23:37:18] [Render thread/INFO] (Minecraft) Loaded 1520 advancements
[23:37:18] [Render thread/INFO] (BiomeModificationImpl) Applied 0 biome modifications to 0 of 65 new biomes in 1.545 ms
[23:37:18] [Server thread/INFO] (Minecraft) Starting integrated minecraft server version 1.21.8
[23:37:18] [Server thread/INFO] (Minecraft) Generating keypair
[23:37:18] [Server thread/INFO] (Minecraft) Preparing start region for dimension minecraft:overworld
[23:37:19] [Render thread/INFO] (Minecraft) Preparing spawn area: 0%
[23:37:19] [Render thread/INFO] (Minecraft) Preparing spawn area: 0%
[23:37:19] [Render thread/INFO] (Minecraft) Time elapsed: 1018 ms
[23:37:19] [Server thread/INFO] (Minecraft) Changing view distance to 12, from 10
[23:37:19] [Server thread/INFO] (Minecraft) Changing simulation distance to 12, from 0
[23:37:20] [Server thread/INFO] (Minecraft) Player447[local:E:5aca3ab4] logged in with entity id 90 at (-18.612822679704397, 73.0, -5.609120587825233)
[23:37:20] [Server thread/INFO] (Minecraft) Player447 joined the game
[23:37:20] [Render thread/INFO] (friendmesh) Joined world, cleared peer list (no auto presence announcement)
[23:37:20] [Render thread/INFO] (Minecraft) Loaded 2 advancements
[23:37:20] [Render thread/INFO] (Minecraft) Resizing Dynamic Transforms UBO, capacity limit of 2 reached during a single frame. New capacity will be 4.
[23:37:20] [Render thread/INFO] (Minecraft) Resizing Dynamic Transforms UBO, capacity limit of 4 reached during a single frame. New capacity will be 8.
[23:37:21] [Render thread/INFO] (Minecraft) Resizing Dynamic Transforms UBO, capacity limit of 8 reached during a single frame. New capacity will be 16.
[23:37:21] [Render thread/INFO] (Minecraft) Resizing Dynamic Transforms UBO, capacity limit of 16 reached during a single frame. New capacity will be 32.
[23:37:21] [Render thread/INFO] (Minecraft) Resizing Dynamic Transforms UBO, capacity limit of 32 reached during a single frame. New capacity will be 64.
[23:37:21] [Render thread/INFO] (Minecraft) Resizing Dynamic Transforms UBO, capacity limit of 64 reached during a single frame. New capacity will be 128.
[23:37:21] [Render thread/INFO] (Minecraft) Resizing Dynamic Transforms UBO, capacity limit of 128 reached during a single frame. New capacity will be 256.
[23:37:21] [Render thread/INFO] (Minecraft) Resizing Dynamic Transforms UBO, capacity limit of 256 reached during a single frame. New capacity will be 512.
[23:37:22] [Render thread/INFO] (Minecraft) Resizing Dynamic Transforms UBO, capacity limit of 512 reached during a single frame. New capacity will be 1024.
[23:37:22] [Server thread/INFO] (Minecraft) Saving and pausing game...
[23:37:22] [Server thread/INFO] (Minecraft) Saving chunks for level 'ServerLevel[New World]'/minecraft:overworld
[23:37:22] [Server thread/INFO] (Minecraft) Saving chunks for level 'ServerLevel[New World]'/minecraft:the_end
[23:37:22] [Server thread/INFO] (Minecraft) Saving chunks for level 'ServerLevel[New World]'/minecraft:the_nether
[23:37:23] [Render thread/INFO] (Minecraft) Resizing Dynamic Transforms UBO, capacity limit of 1024 reached during a single frame. New capacity will be 2048.
[23:37:25] [Server thread/INFO] (Minecraft) Saving and pausing game...
[23:37:25] [Server thread/INFO] (Minecraft) Saving chunks for level 'ServerLevel[New World]'/minecraft:overworld
[23:37:25] [Server thread/INFO] (Minecraft) Saving chunks for level 'ServerLevel[New World]'/minecraft:the_end
[23:37:25] [Server thread/INFO] (Minecraft) Saving chunks for level 'ServerLevel[New World]'/minecraft:the_nether
[23:37:25] [Render thread/INFO] (Minecraft) Stopping!
[23:37:25] [Netty Local Client IO #0/INFO] (friendmesh) Left world, cleared peer list
[23:37:25] [Server thread/INFO] (Minecraft) Player447 lost connection: Disconnected
[23:37:25] [Server thread/INFO] (Minecraft) Player447 left the game
[23:37:25] [Server thread/INFO] (Minecraft) Stopping singleplayer server as player logged out
[23:37:26] [Server thread/INFO] (Minecraft) Stopping server
[23:37:26] [Server thread/INFO] (Minecraft) Saving players
[23:37:26] [Server thread/INFO] (Minecraft) Saving worlds
[23:37:26] [Server thread/INFO] (Minecraft) Saving chunks for level 'ServerLevel[New World]'/minecraft:overworld
[23:37:26] [Server thread/INFO] (Minecraft) Saving chunks for level 'ServerLevel[New World]'/minecraft:the_end
[23:37:26] [Server thread/INFO] (Minecraft) Saving chunks for level 'ServerLevel[New World]'/minecraft:the_nether
[23:37:26] [Server thread/INFO] (Minecraft) ThreadedAnvilChunkStorage (New World): All chunks are saved
[23:37:26] [Server thread/INFO] (Minecraft) ThreadedAnvilChunkStorage (DIM1): All chunks are saved
[23:37:26] [Server thread/INFO] (Minecraft) ThreadedAnvilChunkStorage (DIM-1): All chunks are saved
[23:37:26] [Server thread/INFO] (Minecraft) ThreadedAnvilChunkStorage: All dimensions are saved
